[INFO ] 2024-10-08 11:02:54.535 - =================================== START TEST ===================================
[INFO ] 2024-10-08 11:02:54.548 - Test Case report initialize for VerifysuccessfulAddofClaim
[INFO ] 2024-10-08 11:03:01.392 - PASSED - Step 1 - username is displayed.
[INFO ] 2024-10-08 11:03:01.522 - PASSED - Step 2 - username is populated with Admin.
[INFO ] 2024-10-08 11:03:01.592 - PASSED - Step 3 - password is displayed.
[INFO ] 2024-10-08 11:03:01.750 - PASSED - Step 4 - password is populated with admin123.
[INFO ] 2024-10-08 11:03:03.024 - PASSED - Step 5 - loginButton was clicked.
[INFO ] 2024-10-08 11:03:04.576 - PASSED - Step 6 - tab_Claim was clicked.
[INFO ] 2024-10-08 11:03:05.812 - PASSED - Step 7 - Submit Claim button was clicked.
[INFO ] 2024-10-08 11:03:06.279 - PASSED - Step 8 - Event dropdown is visible.
[INFO ] 2024-10-08 11:03:06.374 - PASSED - Step 9 - Event dropdown was clicked.
[INFO ] 2024-10-08 11:03:06.453 - PASSED - Step 10 - Listboxdropdown is visible.
[INFO ] 2024-10-08 11:03:06.610 - PASSED - Step 11 - Listbox Event options is visible.
[INFO ] 2024-10-08 11:03:06.691 - PASSED - Step 12 - Listbox Event options was clicked.
[INFO ] 2024-10-08 11:03:06.771 - PASSED - Step 13 - Event dropdown was clicked.
[INFO ] 2024-10-08 11:03:06.866 - PASSED - Step 14 - Currency dropdown was clicked.
[INFO ] 2024-10-08 11:03:06.938 - PASSED - Step 15 - Listboxdropdown is visible.
[INFO ] 2024-10-08 11:03:07.016 - PASSED - Step 16 - Listbox Currency options is visible.
[INFO ] 2024-10-08 11:03:07.099 - PASSED - Step 17 - Listbox Currency options was clicked.
[INFO ] 2024-10-08 11:03:07.176 - PASSED - Step 18 - Currency dropdown was clicked.
[INFO ] 2024-10-08 11:03:07.312 - PASSED - Step 19 - Remarks Field description is populated with Remarks Description Test.
[INFO ] 2024-10-08 11:03:07.393 - PASSED - Step 20 - button Save/Create was clicked.
[INFO ] 2024-10-08 11:03:11.092 - PASSED - Step 21 - Submit claim header is displayed.
[INFO ] 2024-10-08 11:03:11.470 - PASSED - Step 22 - addButton was clicked.
[ERROR] 2024-10-08 11:03:14.086 - FAILED - java.lang.AssertionError: expected [true] but found [false]
[INFO ] 2024-10-08 11:03:14.086 - java.lang.AssertionError: expected [true] but found [false]
[INFO ] 2024-10-08 11:03:14.086 - =================================== END TEST ===================================
