[INFO ] 2024-10-08 11:29:58.082 - =================================== START TEST ===================================
[INFO ] 2024-10-08 11:29:58.091 - Test Case report initialize for VerifysuccessfulAddofClaim
[INFO ] 2024-10-08 11:30:04.831 - PASSED - Step 1 - username is displayed.
[INFO ] 2024-10-08 11:30:04.911 - PASSED - Step 2 - username is populated with Admin.
[INFO ] 2024-10-08 11:30:04.957 - PASSED - Step 3 - password is displayed.
[INFO ] 2024-10-08 11:30:05.036 - PASSED - Step 4 - password is populated with admin123.
[INFO ] 2024-10-08 11:30:06.300 - PASSED - Step 5 - loginButton was clicked.
[INFO ] 2024-10-08 11:30:07.727 - PASSED - Step 6 - tab_Claim was clicked.
[INFO ] 2024-10-08 11:30:08.595 - PASSED - Step 7 - Submit Claim button was clicked.
[INFO ] 2024-10-08 11:30:09.027 - PASSED - Step 8 - Event dropdown is visible.
[INFO ] 2024-10-08 11:30:09.079 - PASSED - Step 9 - Event dropdown was clicked.
[INFO ] 2024-10-08 11:30:09.122 - PASSED - Step 10 - Listboxdropdown is visible.
[INFO ] 2024-10-08 11:30:09.404 - PASSED - Step 11 - Listbox Event options is visible.
[INFO ] 2024-10-08 11:30:09.483 - PASSED - Step 12 - Listbox Event options was clicked.
[INFO ] 2024-10-08 11:30:09.518 - PASSED - Step 13 - Event dropdown was clicked.
[INFO ] 2024-10-08 11:30:09.567 - PASSED - Step 14 - Currency dropdown was clicked.
[INFO ] 2024-10-08 11:30:09.606 - PASSED - Step 15 - Listboxdropdown is visible.
[INFO ] 2024-10-08 11:30:09.638 - PASSED - Step 16 - Listbox Currency options is visible.
[INFO ] 2024-10-08 11:30:09.681 - PASSED - Step 17 - Listbox Currency options was clicked.
[INFO ] 2024-10-08 11:30:09.730 - PASSED - Step 18 - Currency dropdown was clicked.
[INFO ] 2024-10-08 11:30:09.800 - PASSED - Step 19 - Remarks Field description is populated with Remarks Description Test.
[INFO ] 2024-10-08 11:30:09.840 - PASSED - Step 20 - button Save/Create was clicked.
[INFO ] 2024-10-08 11:30:13.515 - PASSED - Step 21 - Submit claim header is displayed.
[INFO ] 2024-10-08 11:30:13.942 - PASSED - Step 22 - addButton was clicked.
[ERROR] 2024-10-08 11:30:16.648 - FAILED - java.lang.AssertionError: expected [true] but found [false]
[INFO ] 2024-10-08 11:30:16.648 - java.lang.AssertionError: expected [true] but found [false]
[INFO ] 2024-10-08 11:30:16.649 - =================================== END TEST ===================================
