[INFO ] 2024-10-08 11:24:42.596 - =================================== START TEST ===================================
[INFO ] 2024-10-08 11:24:42.604 - Test Case report initialize for VerifysuccessfulAddofClaim
[INFO ] 2024-10-08 11:24:49.617 - PASSED - Step 1 - username is displayed.
[INFO ] 2024-10-08 11:24:49.711 - PASSED - Step 2 - username is populated with Admin.
[INFO ] 2024-10-08 11:24:49.750 - PASSED - Step 3 - password is displayed.
[INFO ] 2024-10-08 11:24:49.813 - PASSED - Step 4 - password is populated with admin123.
[INFO ] 2024-10-08 11:24:50.922 - PASSED - Step 5 - loginButton was clicked.
[INFO ] 2024-10-08 11:24:52.363 - PASSED - Step 6 - tab_Claim was clicked.
[INFO ] 2024-10-08 11:24:53.393 - PASSED - Step 7 - Submit Claim button was clicked.
[INFO ] 2024-10-08 11:24:53.804 - PASSED - Step 8 - Event dropdown is visible.
[INFO ] 2024-10-08 11:24:53.846 - PASSED - Step 9 - Event dropdown was clicked.
[INFO ] 2024-10-08 11:24:53.884 - PASSED - Step 10 - Listboxdropdown is visible.
[INFO ] 2024-10-08 11:24:54.195 - PASSED - Step 11 - Listbox Event options is visible.
[INFO ] 2024-10-08 11:24:54.234 - PASSED - Step 12 - Listbox Event options was clicked.
[INFO ] 2024-10-08 11:24:54.268 - PASSED - Step 13 - Event dropdown was clicked.
[INFO ] 2024-10-08 11:24:54.317 - PASSED - Step 14 - Currency dropdown was clicked.
[INFO ] 2024-10-08 11:24:54.356 - PASSED - Step 15 - Listboxdropdown is visible.
[INFO ] 2024-10-08 11:24:54.392 - PASSED - Step 16 - Listbox Currency options is visible.
[INFO ] 2024-10-08 11:24:54.433 - PASSED - Step 17 - Listbox Currency options was clicked.
[INFO ] 2024-10-08 11:24:54.474 - PASSED - Step 18 - Currency dropdown was clicked.
[INFO ] 2024-10-08 11:24:54.538 - PASSED - Step 19 - Remarks Field description is populated with Remarks Description Test.
[INFO ] 2024-10-08 11:24:54.581 - PASSED - Step 20 - button Save/Create was clicked.
[INFO ] 2024-10-08 11:24:58.328 - PASSED - Step 21 - Submit claim header is displayed.
[INFO ] 2024-10-08 11:24:58.359 - PASSED - Step 22 - 
[ERROR] 2024-10-08 11:25:02.280 - FAILED - java.lang.AssertionError: expected [Initiated] but found []
[INFO ] 2024-10-08 11:25:02.281 - java.lang.AssertionError: expected [Initiated] but found []
[INFO ] 2024-10-08 11:25:02.281 - =================================== END TEST ===================================
