[INFO ] 2024-10-08 11:19:03.096 - =================================== START TEST ===================================
[INFO ] 2024-10-08 11:19:03.107 - Test Case report initialize for VerifysuccessfulAddofClaim
[INFO ] 2024-10-08 11:19:10.049 - PASSED - Step 1 - username is displayed.
[INFO ] 2024-10-08 11:19:10.120 - PASSED - Step 2 - username is populated with Admin.
[INFO ] 2024-10-08 11:19:10.158 - PASSED - Step 3 - password is displayed.
[INFO ] 2024-10-08 11:19:10.249 - PASSED - Step 4 - password is populated with admin123.
[INFO ] 2024-10-08 11:19:11.833 - PASSED - Step 5 - loginButton was clicked.
[INFO ] 2024-10-08 11:19:13.249 - PASSED - Step 6 - tab_Claim was clicked.
[INFO ] 2024-10-08 11:19:14.160 - PASSED - Step 7 - Submit Claim button was clicked.
[INFO ] 2024-10-08 11:19:14.581 - PASSED - Step 8 - Event dropdown is visible.
[INFO ] 2024-10-08 11:19:14.620 - PASSED - Step 9 - Event dropdown was clicked.
[INFO ] 2024-10-08 11:19:14.663 - PASSED - Step 10 - Listboxdropdown is visible.
[INFO ] 2024-10-08 11:19:14.993 - PASSED - Step 11 - Listbox Event options is visible.
[INFO ] 2024-10-08 11:19:15.035 - PASSED - Step 12 - Listbox Event options was clicked.
[INFO ] 2024-10-08 11:19:15.067 - PASSED - Step 13 - Event dropdown was clicked.
[INFO ] 2024-10-08 11:19:15.114 - PASSED - Step 14 - Currency dropdown was clicked.
[INFO ] 2024-10-08 11:19:15.142 - PASSED - Step 15 - Listboxdropdown is visible.
[INFO ] 2024-10-08 11:19:15.177 - PASSED - Step 16 - Listbox Currency options is visible.
[INFO ] 2024-10-08 11:19:15.212 - PASSED - Step 17 - Listbox Currency options was clicked.
[INFO ] 2024-10-08 11:19:15.260 - PASSED - Step 18 - Currency dropdown was clicked.
[INFO ] 2024-10-08 11:19:15.336 - PASSED - Step 19 - Remarks Field description is populated with Remarks Description Test.
[INFO ] 2024-10-08 11:19:15.378 - PASSED - Step 20 - button Save/Create was clicked.
[INFO ] 2024-10-08 11:19:19.060 - PASSED - Step 21 - Submit claim header is displayed.
[INFO ] 2024-10-08 11:19:19.478 - PASSED - Step 22 - addButton was clicked.
[ERROR] 2024-10-08 11:19:22.122 - FAILED - java.lang.AssertionError: expected [true] but found [false]
[INFO ] 2024-10-08 11:19:22.123 - java.lang.AssertionError: expected [true] but found [false]
[INFO ] 2024-10-08 11:19:22.123 - =================================== END TEST ===================================
