[INFO ] 2024-10-29 14:20:15.937 - =================================== START TEST ===================================
[INFO ] 2024-10-29 14:20:15.943 - Test Case report initialize for VerifyAddedAdminRoleOnEE
[INFO ] 2024-10-29 14:20:48.902 - PASSED - Step 1 - username is displayed.
[INFO ] 2024-10-29 14:20:48.966 - PASSED - Step 2 - username is populated with Admin.
[INFO ] 2024-10-29 14:20:48.998 - PASSED - Step 3 - password is displayed.
[INFO ] 2024-10-29 14:20:49.066 - PASSED - Step 4 - password is populated with admin123.
[INFO ] 2024-10-29 14:20:50.412 - PASSED - Step 5 - loginButton was clicked.
[INFO ] 2024-10-29 14:20:50.804 - PASSED - Step 6 - My Info Tab is visible.
[INFO ] 2024-10-29 14:20:51.847 - PASSED - Step 7 - My Info Tab was clicked.
[INFO ] 2024-10-29 14:20:52.244 - PASSED - Step 8 - Employee full name is visible.
[INFO ] 2024-10-29 14:20:55.327 - PASSED - Step 9 - Admin Tab is visible.
[INFO ] 2024-10-29 14:20:56.132 - PASSED - Step 10 - Admin Tab was clicked.
[INFO ] 2024-10-29 14:20:56.593 - PASSED - Step 11 - addButton is displayed.
[INFO ] 2024-10-29 14:20:57.040 - PASSED - Step 12 - addButton was clicked.
[INFO ] 2024-10-29 14:20:57.460 - PASSED - Step 13 - User role dropdown is visible.
[INFO ] 2024-10-29 14:20:57.496 - PASSED - Step 14 - User role dropdown was clicked.
[INFO ] 2024-10-29 14:20:57.542 - PASSED - Step 15 - Listbox user role options is visible.
[INFO ] 2024-10-29 14:20:57.572 - PASSED - Step 16 - Listbox user role options was clicked.
[INFO ] 2024-10-29 14:20:57.611 - PASSED - Step 17 - Status dropdown was clicked.
[INFO ] 2024-10-29 14:20:57.645 - PASSED - Step 18 - Listbox status options is visible.
[INFO ] 2024-10-29 14:20:57.675 - PASSED - Step 19 - Listbox status options was clicked.
[INFO ] 2024-10-29 14:20:57.724 - PASSED - Step 20 - Input Employee fullname of existing employee was clicked.
[ERROR] 2024-10-29 14:21:03.185 - FAILED - java.lang.IllegalArgumentException: Keys to send should be a not null CharSequence
[INFO ] 2024-10-29 14:21:03.186 - java.lang.IllegalArgumentException: Keys to send should be a not null CharSequence
[INFO ] 2024-10-29 14:21:03.186 - =================================== END TEST ===================================
