[INFO ] 2024-10-08 13:23:56.315 - =================================== START TEST ===================================
[INFO ] 2024-10-08 13:23:56.339 - Test Case report initialize for VerifysuccessfulAddofClaim
[INFO ] 2024-10-08 13:24:01.435 - PASSED - Step 1 - username is displayed.
[INFO ] 2024-10-08 13:24:01.517 - PASSED - Step 2 - username is populated with Admin.
[INFO ] 2024-10-08 13:24:01.568 - PASSED - Step 3 - password is displayed.
[INFO ] 2024-10-08 13:24:01.655 - PASSED - Step 4 - password is populated with admin123.
[INFO ] 2024-10-08 13:24:03.121 - PASSED - Step 5 - loginButton was clicked.
[INFO ] 2024-10-08 13:24:04.537 - PASSED - Step 6 - tab_Claim was clicked.
[INFO ] 2024-10-08 13:24:05.436 - PASSED - Step 7 - Submit Claim button was clicked.
[INFO ] 2024-10-08 13:24:05.861 - PASSED - Step 8 - Event dropdown is visible.
[INFO ] 2024-10-08 13:24:05.928 - PASSED - Step 9 - Event dropdown was clicked.
[INFO ] 2024-10-08 13:24:05.997 - PASSED - Step 10 - Listboxdropdown is visible.
[INFO ] 2024-10-08 13:24:06.228 - PASSED - Step 11 - Listbox Event options is visible.
[INFO ] 2024-10-08 13:24:06.327 - PASSED - Step 12 - Listbox Event options was clicked.
[INFO ] 2024-10-08 13:24:06.384 - PASSED - Step 13 - Event dropdown was clicked.
[INFO ] 2024-10-08 13:24:06.483 - PASSED - Step 14 - Currency dropdown was clicked.
[INFO ] 2024-10-08 13:24:06.539 - PASSED - Step 15 - Listboxdropdown is visible.
[INFO ] 2024-10-08 13:24:06.601 - PASSED - Step 16 - Listbox Currency options is visible.
[INFO ] 2024-10-08 13:24:06.650 - PASSED - Step 17 - Listbox Currency options was clicked.
[INFO ] 2024-10-08 13:24:06.701 - PASSED - Step 18 - Currency dropdown was clicked.
[INFO ] 2024-10-08 13:24:06.850 - PASSED - Step 19 - Remarks Field description is populated with Remarks Description Test.
[INFO ] 2024-10-08 13:24:06.918 - PASSED - Step 20 - button Save/Create was clicked.
[INFO ] 2024-10-08 13:24:10.595 - PASSED - Step 21 - Submit claim header is displayed.
[INFO ] 2024-10-08 13:24:11.016 - PASSED - Step 22 - addButton was clicked.
[ERROR] 2024-10-08 13:24:13.840 - FAILED - java.lang.AssertionError: expected [true] but found [false]
[INFO ] 2024-10-08 13:24:13.841 - java.lang.AssertionError: expected [true] but found [false]
[INFO ] 2024-10-08 13:24:13.841 - =================================== END TEST ===================================
